#
# A fatal error has been detected by the Java Runtime Environment:
#
#  SIGBUS (0x7) at pc=0x00007f8c02b45d80, pid=3089, tid=0x00007f8c062e1700
#
# JRE version: OpenJDK Runtime Environment (8.0_222-b10) (build 1.8.0_222-8u222-b10-1ubuntu1~18.04.1-b10)
# Java VM: OpenJDK 64-Bit Server VM (25.222-b10 mixed mode linux-amd64 compressed oops)
# Problematic frame:
# C  [libzip.so+0x4d80]
#
# Failed to write core dump. Core dumps have been disabled. To enable core dumping, try "ulimit -c unlimited" before starting Java again
#
# If you would like to submit a bug report, please visit:
#   http://bugreport.java.com/bugreport/crash.jsp
# The crash happened outside the Java Virtual Machine in native code.
# See problematic frame for where to report the bug.
#

---------------  T H R E A D  ---------------

Current thread (0x00007f8bfc00b800):  JavaThread "main" [_thread_in_native, id=3092, stack(0x00007f8c061e2000,0x00007f8c062e2000)]

siginfo: si_signo: 7 (SIGBUS), si_code: 2 (BUS_ADRERR), si_addr: 0x00007f8b0630ebd8

Registers:
RAX=0x00007f8b11d920d0, RBX=0x00007f8b147f3480, RCX=0x00007f8bfc0008d0, RDX=0x00007f8b11d920d0
RSP=0x00007f8c062dcec0, RBP=0x00007f8c062dcf30, RSI=0x00007f8bfc0008e8, RDI=0x00007f8a3be02620
R8 =0x00000000f84c906f, R9 =0x0000000000000047, R10=0x00007f8bed12dc98, R11=0x0000000793eae598
R12=0x0000000000121bba, R13=0x00000000f84c906f, R14=0x00007f8b11d920d0, R15=0x00007f8b0630ebba
RIP=0x00007f8c02b45d80, EFLAGS=0x0000000000010202, CSGSFS=0x002b000000000033, ERR=0x0000000000000004
  TRAPNO=0x000000000000000e

Top of Stack: (sp=0x00007f8c062dcec0)
0x00007f8c062dcec0:   00007f8bfc00b800 00007f8bfc00b800
0x00007f8c062dced0:   00007f8c062dcfb0 00007f8c062dd1d8
0x00007f8c062dcee0:   00007f8c0000000c 00007f8c000ff3d8
0x00007f8c062dcef0:   00007f8bfc00b800 0000000004dc0941
0x00007f8c062dcf00:   0000000000000047 00007f8b1a9e6a50
0x00007f8c062dcf10:   0000000000000047 00000000f84c906f
0x00007f8c062dcf20:   00007f8b147f3480 0000000000000000
0x00007f8c062dcf30:   00007f8c062dcf80 00007f8c02b46a2e
0x00007f8c062dcf40:   01007f8c00000047 00007f8c062dcfa0
0x00007f8c062dcf50:   00007f8c062dcf80 0000000000000047
0x00007f8c062dcf60:   00007f8bfc00b9e0 00007f8c062dd3f8
0x00007f8c062dcf70:   00007f8c062dcfa0 00007f8b147f3480
0x00007f8c062dcf80:   00007f8c062dd3e0 00007f8c02b44a35
0x00007f8c062dcf90:   00007f8bfc002c48 0000000000000001
0x00007f8c062dcfa0:   636170612f67726f 65626c6d782f6568
0x00007f8c062dcfb0:   6c706d692f736e61 746e692f6d616a2f
0x00007f8c062dcfc0:   6c652f6c616e7265 532f73746e656d65
0x00007f8c062dcfd0:   736f50656372756f 706d496e6f697469
0x00007f8c062dcfe0:   007373616c632e6c 00007f8c062dd1d0
0x00007f8c062dcff0:   595300bb0d00c72b 36cefb7497817700
0x00007f8c062dd000:   00007f8c062dd020 00007f8c062dd0d0
0x00007f8c062dd010:   00007f8c062dd220 00007f8c062dd1d0
0x00007f8c062dd020:   00007f8c062dd110 00007f8c062dd0d0
0x00007f8c062dd030:   00007f8c062dd1c0 00007f8c04bb369d
0x00007f8c062dd040:   00007f8bfc00bee0 00007f8bfc00bf20
0x00007f8c062dd050:   00007f8bfc00bf30 00007f8c062dd090
0x00007f8c062dd060:   00007f8c062dd080 00007f8bfc00b9e0
0x00007f8c062dd070:   00007f8c000ff3d8 00007f8bfc002bc8
0x00007f8c062dd080:   00007f8c000ff3d8 00007f8bfc00b800
0x00007f8c062dd090:   00007f8c000ff3d8 00007f8bfc00b800
0x00007f8c062dd0a0:   00007f8bfc00bee0 00007f8bfc00bf20
0x00007f8c062dd0b0:   00007f8bfc00bf30 00007f8bfc00c308 

Instructions: (pc=0x00007f8c02b45d80)
0x00007f8c02b45d60:   00 00 00 48 c7 40 28 00 00 00 00 4d 8b 24 24 0f
0x00007f8c02b45d70:   84 1b 01 00 00 4c 2b 63 28 4c 8b 7b 18 4d 01 e7
0x00007f8c02b45d80:   41 0f b7 47 1e 45 0f b7 6f 1c 45 31 e4 66 89 45
0x00007f8c02b45d90:   ca 41 0f b7 47 20 44 89 ea 66 89 45 c8 41 8b 47 

Register to memory mapping:

RAX=0x00007f8b11d920d0 is an unknown value
RBX=0x00007f8b147f3480 is an unknown value
RCX=0x00007f8bfc0008d0 is an unknown value
RDX=0x00007f8b11d920d0 is an unknown value
RSP=0x00007f8c062dcec0 is pointing into the stack for thread: 0x00007f8bfc00b800
RBP=0x00007f8c062dcf30 is pointing into the stack for thread: 0x00007f8bfc00b800
RSI=0x00007f8bfc0008e8 is an unknown value
RDI=0x00007f8a3be02620 is an unknown value
R8 =0x00000000f84c906f is an unknown value
R9 =0x0000000000000047 is an unknown value
R10=0x00007f8bed12dc98 is at entry_point+88 in (nmethod*)0x00007f8bed12dad0
R11=0x0000000793eae598 is an oop
